<?xml version="1.0" encoding="UTF-8"?>
<!-- Generated by org.testng.reporters.JUnitXMLReporter -->
<testsuite ignored="0" hostname="DESKTOP-A2L4RGV" failures="0" tests="4" name="AllTests" time="30.744" errors="0" timestamp="2022-12-19T10:54:42 IST">
  <testcase classname="com.TestNgTestScript.Testcasses" name="AdmincreatepackageTest" time="5.269"/>
  <testcase classname="com.TestNgTestScript.Testcasses" name="AdmincreatedpackageverifyTest" time="4.342"/>
  <testcase classname="com.TestNgTestScript.Testcasses" name="UserbookpackageTest" time="4.764"/>
  <testcase classname="com.TestNgTestScript.Testcasses" name="UserpasswordchangeTest" time="8.196"/>
</testsuite> <!-- AllTests -->
