<?xml version="1.0" encoding="UTF-8"?>
<!-- Generated by org.testng.reporters.JUnitXMLReporter -->
<testsuite ignored="0" hostname="DESKTOP-A2L4RGV" failures="0" tests="17" name="Test" time="15.029" errors="0" timestamp="2022-12-19T10:52:46 IST">
  <testcase classname="com.testNGpractice.DataProviderPractice" name="dataProTest" time="0.006"/>
  <testcase classname="com.testNGpractice.DataProviderPractice" name="dataProTest" time="0.001"/>
  <testcase classname="com.testNGpractice.DataProviderPractice" name="dataProTest" time="0.002"/>
  <testcase classname="com.testNGpractice.DataProviderPractice" name="dataProTest" time="0.001"/>
  <testcase classname="com.testNGpractice.DataProviderPractice" name="dataProTest1" time="0.005"/>
  <testcase classname="com.testNGpractice.DataProviderPractice" name="dataProTest1" time="0.004"/>
  <testcase classname="com.testNGpractice.DataProviderPractice" name="dataProTest1" time="0.002"/>
  <testcase classname="com.testNGpractice.DataProviderPractice" name="dataProTest1" time="0.001"/>
  <testcase classname="com.testNGpractice.DataProviderPractice" name="dataProTest1" time="0.001"/>
  <testcase classname="com.testNGpractice.DataProviderPractice" name="dataProTest1" time="0.003"/>
  <testcase classname="com.testNGpractice.DataProviderPractice" name="dataProTest1" time="0.001"/>
  <testcase classname="com.testNGpractice.DataProviderPractice" name="dataProTest1" time="0.001"/>
  <testcase classname="com.testNGpractice.DataProviderPractice" name="dataProTest1" time="0.002"/>
  <testcase classname="com.testNGpractice.DataProviderPractice" name="dataProTest1" time="0.0"/>
  <testcase classname="com.testNGpractice.DataProviderPractice" name="dataProTest1" time="0.001"/>
  <testcase classname="com.testNGpractice.TestNgPractice2" name="lunchBrowser" time="13.715"/>
  <testcase classname="com.testNGpractice.TestNgPractice2" name="p2T2" time="0.001"/>
</testsuite> <!-- Test -->
