<?xml version="1.0" encoding="UTF-8"?>
<!-- Generated by org.testng.reporters.JUnitXMLReporter -->
<testsuite hostname="DESKTOP-A2L4RGV" name="Test" tests="17" failures="0" timestamp="15 Dec 2022 06:03:46 GMT" time="55.936" errors="0">
  <testcase name="dataProTest" time="0.008" classname="com.testNGpractice.DataProviderPractice"/>
  <testcase name="dataProTest" time="0.0" classname="com.testNGpractice.DataProviderPractice"/>
  <testcase name="dataProTest" time="0.001" classname="com.testNGpractice.DataProviderPractice"/>
  <testcase name="dataProTest" time="0.0" classname="com.testNGpractice.DataProviderPractice"/>
  <testcase name="dataProTest1" time="0.001" classname="com.testNGpractice.DataProviderPractice"/>
  <testcase name="dataProTest1" time="0.0" classname="com.testNGpractice.DataProviderPractice"/>
  <testcase name="dataProTest1" time="0.0" classname="com.testNGpractice.DataProviderPractice"/>
  <testcase name="dataProTest1" time="0.001" classname="com.testNGpractice.DataProviderPractice"/>
  <testcase name="dataProTest1" time="0.0" classname="com.testNGpractice.DataProviderPractice"/>
  <testcase name="dataProTest1" time="0.0" classname="com.testNGpractice.DataProviderPractice"/>
  <testcase name="dataProTest1" time="0.0" classname="com.testNGpractice.DataProviderPractice"/>
  <testcase name="dataProTest1" time="0.0" classname="com.testNGpractice.DataProviderPractice"/>
  <testcase name="dataProTest1" time="0.0" classname="com.testNGpractice.DataProviderPractice"/>
  <testcase name="dataProTest1" time="0.0" classname="com.testNGpractice.DataProviderPractice"/>
  <testcase name="dataProTest1" time="0.001" classname="com.testNGpractice.DataProviderPractice"/>
  <testcase name="lunchBrowser" time="55.039" classname="com.testNGpractice.TestNgPractice2"/>
  <testcase name="p2T2" time="0.0" classname="com.testNGpractice.TestNgPractice2"/>
</testsuite> <!-- Test -->
