<?xml version="1.0" encoding="UTF-8"?>
<testsuite xmlns:xsi="http://www.w3.org/2001/XMLSchema-instance" xsi:noNamespaceSchemaLocation="https://maven.apache.org/surefire/maven-surefire-plugin/xsd/surefire-test-report-3.0.xsd" version="3.0" name="TestSuite" time="57.428" tests="17" errors="0" skipped="0" failures="0">
  <properties>
[...]
</properties>
  <testcase name="dataProTest[Bangalore, 560058](1)" classname="com.testNGpractice.DataProviderPractice" time="0.011">
    <system-out><![CDATA[CityName-------->Bangalore-----Pincode------>560058
]]></system-out>
  </testcase>
  <testcase name="dataProTest[Mandya, 573201](2)" classname="com.testNGpractice.DataProviderPractice" time="0.001">
    <system-out><![CDATA[CityName-------->Mandya-----Pincode------>573201
]]></system-out>
  </testcase>
  <testcase name="dataProTest[Kodagu, 571232](3)" classname="com.testNGpractice.DataProviderPractice" time="0.002">
    <system-out><![CDATA[CityName-------->Kodagu-----Pincode------>571232
]]></system-out>
  </testcase>
  <testcase name="dataProTest[vizag, 530013](4)" classname="com.testNGpractice.DataProviderPractice" time="0.001">
    <system-out><![CDATA[CityName-------->vizag-----Pincode------>530013
]]></system-out>
  </testcase>
  <testcase name="dataProTest1[admin1, password1](1)" classname="com.testNGpractice.DataProviderPractice" time="0">
    <system-out><![CDATA[admin1
password1
admin2
password2
admin3
password3
admin4
password4
admin5
password5
admin6
password6
admin7
password7
admin8
password8
admin9
password9
admin10
password10
admin11
password11
username-------->admin1-----password------>password1

]]></system-out>
    <system-err><![CDATA[ERROR StatusLogger Log4j2 could not find a logging implementation. Please add log4j-core to the classpath. Using SimpleLogger to log to the console...
]]></system-err>
  </testcase>
  <testcase name="dataProTest1[admin2, password2](2)" classname="com.testNGpractice.DataProviderPractice" time="0.002">
    <system-out><![CDATA[username-------->admin2-----password------>password2

]]></system-out>
  </testcase>
  <testcase name="dataProTest1[admin3, password3](3)" classname="com.testNGpractice.DataProviderPractice" time="0.001">
    <system-out><![CDATA[username-------->admin3-----password------>password3

]]></system-out>
  </testcase>
  <testcase name="dataProTest1[admin4, password4](4)" classname="com.testNGpractice.DataProviderPractice" time="0.001">
    <system-out><![CDATA[username-------->admin4-----password------>password4

]]></system-out>
  </testcase>
  <testcase name="dataProTest1[admin5, password5](5)" classname="com.testNGpractice.DataProviderPractice" time="0.001">
    <system-out><![CDATA[username-------->admin5-----password------>password5

]]></system-out>
  </testcase>
  <testcase name="dataProTest1[admin6, password6](6)" classname="com.testNGpractice.DataProviderPractice" time="0.001">
    <system-out><![CDATA[username-------->admin6-----password------>password6

]]></system-out>
  </testcase>
  <testcase name="dataProTest1[admin7, password7](7)" classname="com.testNGpractice.DataProviderPractice" time="0.001">
    <system-out><![CDATA[username-------->admin7-----password------>password7

]]></system-out>
  </testcase>
  <testcase name="dataProTest1[admin8, password8](8)" classname="com.testNGpractice.DataProviderPractice" time="0.001">
    <system-out><![CDATA[username-------->admin8-----password------>password8

]]></system-out>
  </testcase>
  <testcase name="dataProTest1[admin9, password9](9)" classname="com.testNGpractice.DataProviderPractice" time="0.001">
    <system-out><![CDATA[username-------->admin9-----password------>password9

]]></system-out>
  </testcase>
  <testcase name="dataProTest1[admin10, password10](10)" classname="com.testNGpractice.DataProviderPractice" time="0.001">
    <system-out><![CDATA[username-------->admin10-----password------>password10

]]></system-out>
  </testcase>
  <testcase name="dataProTest1[admin11, password11](11)" classname="com.testNGpractice.DataProviderPractice" time="0.004">
    <system-out><![CDATA[username-------->admin11-----password------>password11

]]></system-out>
  </testcase>
  <testcase name="lunchBrowser" classname="com.testNGpractice.TestNgPractice2" time="55.023">
    <system-err><![CDATA[SLF4J: No SLF4J providers were found.
SLF4J: Defaulting to no-operation (NOP) logger implementation
SLF4J: See https://www.slf4j.org/codes.html#noProviders for further details.
Starting ChromeDriver 108.0.5359.71 (1e0e3868ee06e91ad636a874420e3ca3ae3756ac-refs/branch-heads/5359@{#1016}) on port 20376
Only local connections are allowed.
Please see https://chromedriver.chromium.org/security-considerations for suggestions on keeping ChromeDriver safe.
ChromeDriver was started successfully.
Dec 15, 2022 11:32:52 AM org.openqa.selenium.remote.ProtocolHandshake createSession
INFO: Detected dialect: W3C
[1671084214.410][WARNING]: Timed out connecting to Chrome, retrying...
[1671084222.513][WARNING]: Timed out connecting to Chrome, retrying...
]]></system-err>
  </testcase>
  <testcase name="p2T2" classname="com.testNGpractice.TestNgPractice2" time="0.001">
    <system-out><![CDATA[sanity
]]></system-out>
  </testcase>
</testsuite>